#
# A fatal error has been detected by the Java Runtime Environment:
#
#  EXCEPTION_ACCESS_VIOLATION (0xc0000005) at pc=0x00007ff848be7d73, pid=10600, tid=6380
#
# JRE version: Java(TM) SE Runtime Environment 18.9 (11.0.12+8) (build 11.0.12+8-LTS-237)
# Java VM: Java HotSpot(TM) 64-Bit Server VM 18.9 (11.0.12+8-LTS-237, mixed mode, tiered, compressed oops, g1 gc, windows-amd64)
# Problematic frame:
# V  [jvm.dll+0x367d73]
#
# No core dump will be written. Minidumps are not enabled by default on client versions of Windows
#
# If you would like to submit a bug report, please visit:
#   https://bugreport.java.com/bugreport/crash.jsp
#

---------------  S U M M A R Y ------------

Command Line: -Xverify:none -Dio.quarkus.force-color-support=true -Dquarkus-internal.serialized-app-model.path=C:\Users\usuario\Desktop\projetos\backend\target\quarkus\bootstrap\dev-app-model.dat -javaagent:C:\Users\usuario\.m2\repository\io\quarkus\quarkus-class-change-agent\2.6.1.Final\quarkus-class-change-agent-2.6.1.Final.jar -XX:TieredStopAtLevel=1 -agentlib:jdwp=transport=dt_socket,address=localhost:5005,server=y,suspend=n -Djava.util.logging.manager=org.jboss.logmanager.LogManager C:\Users\usuario\Desktop\projetos\backend\target\redis-quickstart-dev.jar

Host: Intel(R) Core(TM) i5-7200U CPU @ 2.50GHz, 4 cores, 7G,  Windows 10 , 64 bit Build 19041 (10.0.19041.1348)
Time: Wed Dec 29 18:23:08 2021 Hora oficial do Brasil elapsed time: 12.691602 seconds (0d 0h 0m 12s)

---------------  T H R E A D  ---------------

Current thread (0x000001eafd0b4000):  JavaThread "vert.x-eventloop-thread-0" [_thread_in_vm, id=6380, stack(0x0000004c62c00000,0x0000004c62d00000)]

Stack: [0x0000004c62c00000,0x0000004c62d00000],  sp=0x0000004c62cfbd60,  free space=1007k
Native frames: (J=compiled Java code, j=interpreted, Vv=VM code, C=native code)
V  [jvm.dll+0x367d73]
V  [jvm.dll+0x617cc2]
V  [jvm.dll+0x36882a]
V  [jvm.dll+0x3689f8]
V  [jvm.dll+0x6eb55f]
V  [jvm.dll+0x6ec7a1]
V  [jvm.dll+0x6ecee8]
V  [jvm.dll+0x1bfa28]
V  [jvm.dll+0x1c2319]
V  [jvm.dll+0x1b71a9]
V  [jvm.dll+0x4f3145]
V  [jvm.dll+0x6ec149]
V  [jvm.dll+0x3d854f]
